<?xml version="1.0" encoding="UTF-8"?>
<!-- Generated by org.testng.reporters.JUnitReportReporter -->
<testsuite hostname="fedora" failures="0" tests="1" name="com.learn.testcases.TestCasedemo" time="0.001" errors="0" timestamp="2025-07-10T13:01:21 IST" skipped="0">
  <testcase classname="com.learn.testcases.TestCasedemo" name="testcheck" time="0.001"/>
</testsuite> <!-- com.learn.testcases.TestCasedemo -->
