<?xml version="1.0" encoding="UTF-8"?>
<!-- Generated by org.testng.reporters.JUnitReportReporter -->
<testsuite hostname="fedora" failures="0" tests="1" name="com.learn.testcases.LoginTest" time="6.986" errors="0" timestamp="2025-07-10T13:01:21 IST" skipped="0">
  <testcase classname="com.learn.testcases.LoginTest" name="verifyLogin" time="6.986"/>
</testsuite> <!-- com.learn.testcases.LoginTest -->
