<?xml version="1.0" encoding="UTF-8"?>
<!-- Generated by org.testng.reporters.JUnitReportReporter -->
<testsuite hostname="fedora" failures="0" tests="2" name="com.learn.testcases.LoginTestDriverData" time="19.675" errors="0" timestamp="2025-07-10T13:15:37 IST" skipped="0">
  <testcase classname="com.learn.testcases.LoginTestDriverData" name="verifyLogin" time="9.150"/>
  <testcase classname="com.learn.testcases.LoginTestDriverData" name="verifyLogin" time="10.525"/>
</testsuite> <!-- com.learn.testcases.LoginTestDriverData -->
